<?xml version="1.0" encoding="UTF-8"?>
<!-- Generated by org.testng.reporters.JUnitReportReporter -->
<testsuite hostname="Neerajworkstation" failures="0" tests="1" name="Automation.loginpage" time="56.819" errors="0" timestamp="2023-05-25T00:30:22 IST" skipped="0">
  <testcase classname="Automation.loginpage" name="testLogin" time="56.819"/>
  <system-out/>
</testsuite> <!-- Automation.loginpage -->
